<?xml version="1.0" encoding="UTF-8"?>
<testsuite xmlns:xsi="http://www.w3.org/2001/XMLSchema-instance" xsi:noNamespaceSchemaLocation="https://maven.apache.org/surefire/maven-surefire-plugin/xsd/surefire-test-report.xsd" version="3.0.2" name="com.aianalysis.AianalysisApplicationTests" time="6.867" tests="1" errors="0" skipped="0" failures="0">
  <properties>
    <property name="java.specification.version" value="21"/>
    <property name="sun.cpu.isalist" value="amd64"/>
    <property name="sun.jnu.encoding" value="MS949"/>
    <property name="java.class.path" value="C:\kit\git\msa_backend_02\aianalysis\target\test-classes;C:\kit\git\msa_backend_02\aianalysis\target\classes;C:\kit\maven\repository\org\springframework\boot\spring-boot-starter-data-redis\3.4.3\spring-boot-starter-data-redis-3.4.3.jar;C:\kit\maven\repository\org\springframework\boot\spring-boot-starter\3.4.3\spring-boot-starter-3.4.3.jar;C:\kit\maven\repository\org\springframework\boot\spring-boot-starter-logging\3.4.3\spring-boot-starter-logging-3.4.3.jar;C:\kit\maven\repository\ch\qos\logback\logback-classic\1.5.16\logback-classic-1.5.16.jar;C:\kit\maven\repository\ch\qos\logback\logback-core\1.5.16\logback-core-1.5.16.jar;C:\kit\maven\repository\org\apache\logging\log4j\log4j-to-slf4j\2.24.3\log4j-to-slf4j-2.24.3.jar;C:\kit\maven\repository\org\apache\logging\log4j\log4j-api\2.24.3\log4j-api-2.24.3.jar;C:\kit\maven\repository\org\slf4j\jul-to-slf4j\2.0.16\jul-to-slf4j-2.0.16.jar;C:\kit\maven\repository\jakarta\annotation\jakarta.annotation-api\2.1.1\jakarta.annotation-api-2.1.1.jar;C:\kit\maven\repository\org\yaml\snakeyaml\2.3\snakeyaml-2.3.jar;C:\kit\maven\repository\io\lettuce\lettuce-core\6.4.2.RELEASE\lettuce-core-6.4.2.RELEASE.jar;C:\kit\maven\repository\io\netty\netty-common\4.1.118.Final\netty-common-4.1.118.Final.jar;C:\kit\maven\repository\io\netty\netty-handler\4.1.118.Final\netty-handler-4.1.118.Final.jar;C:\kit\maven\repository\io\netty\netty-resolver\4.1.118.Final\netty-resolver-4.1.118.Final.jar;C:\kit\maven\repository\io\netty\netty-buffer\4.1.118.Final\netty-buffer-4.1.118.Final.jar;C:\kit\maven\repository\io\netty\netty-transport-native-unix-common\4.1.118.Final\netty-transport-native-unix-common-4.1.118.Final.jar;C:\kit\maven\repository\io\netty\netty-codec\4.1.118.Final\netty-codec-4.1.118.Final.jar;C:\kit\maven\repository\io\netty\netty-transport\4.1.118.Final\netty-transport-4.1.118.Final.jar;C:\kit\maven\repository\io\projectreactor\reactor-core\3.7.3\reactor-core-3.7.3.jar;C:\kit\maven\repository\org\reactivestreams\reactive-streams\1.0.4\reactive-streams-1.0.4.jar;C:\kit\maven\repository\org\springframework\data\spring-data-redis\3.4.3\spring-data-redis-3.4.3.jar;C:\kit\maven\repository\org\springframework\data\spring-data-keyvalue\3.4.3\spring-data-keyvalue-3.4.3.jar;C:\kit\maven\repository\org\springframework\data\spring-data-commons\3.4.3\spring-data-commons-3.4.3.jar;C:\kit\maven\repository\org\springframework\spring-tx\6.2.3\spring-tx-6.2.3.jar;C:\kit\maven\repository\org\springframework\spring-oxm\6.2.3\spring-oxm-6.2.3.jar;C:\kit\maven\repository\org\springframework\spring-aop\6.2.3\spring-aop-6.2.3.jar;C:\kit\maven\repository\org\slf4j\slf4j-api\2.0.16\slf4j-api-2.0.16.jar;C:\kit\maven\repository\org\springframework\session\spring-session-data-redis\3.4.2\spring-session-data-redis-3.4.2.jar;C:\kit\maven\repository\org\springframework\session\spring-session-core\3.4.2\spring-session-core-3.4.2.jar;C:\kit\maven\repository\org\springframework\spring-jcl\6.2.3\spring-jcl-6.2.3.jar;C:\kit\maven\repository\org\mybatis\spring\boot\mybatis-spring-boot-starter\3.0.4\mybatis-spring-boot-starter-3.0.4.jar;C:\kit\maven\repository\org\springframework\boot\spring-boot-starter-jdbc\3.4.3\spring-boot-starter-jdbc-3.4.3.jar;C:\kit\maven\repository\com\zaxxer\HikariCP\5.1.0\HikariCP-5.1.0.jar;C:\kit\maven\repository\org\springframework\spring-jdbc\6.2.3\spring-jdbc-6.2.3.jar;C:\kit\maven\repository\org\mybatis\spring\boot\mybatis-spring-boot-autoconfigure\3.0.4\mybatis-spring-boot-autoconfigure-3.0.4.jar;C:\kit\maven\repository\org\mybatis\mybatis\3.5.17\mybatis-3.5.17.jar;C:\kit\maven\repository\org\mybatis\mybatis-spring\3.0.4\mybatis-spring-3.0.4.jar;C:\kit\maven\repository\org\mybatis\spring\boot\mybatis-spring-boot-starter-test\3.0.4\mybatis-spring-boot-starter-test-3.0.4.jar;C:\kit\maven\repository\org\mybatis\spring\boot\mybatis-spring-boot-test-autoconfigure\3.0.4\mybatis-spring-boot-test-autoconfigure-3.0.4.jar;C:\kit\maven\repository\org\mariadb\jdbc\mariadb-java-client\3.4.1\mariadb-java-client-3.4.1.jar;C:\kit\maven\repository\com\github\waffle\waffle-jna\3.3.0\waffle-jna-3.3.0.jar;C:\kit\maven\repository\net\java\dev\jna\jna\5.13.0\jna-5.13.0.jar;C:\kit\maven\repository\net\java\dev\jna\jna-platform\5.13.0\jna-platform-5.13.0.jar;C:\kit\maven\repository\org\slf4j\jcl-over-slf4j\2.0.16\jcl-over-slf4j-2.0.16.jar;C:\kit\maven\repository\com\github\ben-manes\caffeine\caffeine\3.1.8\caffeine-3.1.8.jar;C:\kit\maven\repository\com\google\errorprone\error_prone_annotations\2.21.1\error_prone_annotations-2.21.1.jar;C:\kit\maven\repository\org\checkerframework\checker-qual\3.32.0\checker-qual-3.32.0.jar;C:\kit\maven\repository\org\springframework\boot\spring-boot-devtools\3.4.3\spring-boot-devtools-3.4.3.jar;C:\kit\maven\repository\org\springframework\boot\spring-boot\3.4.3\spring-boot-3.4.3.jar;C:\kit\maven\repository\org\springframework\spring-context\6.2.3\spring-context-6.2.3.jar;C:\kit\maven\repository\org\springframework\boot\spring-boot-autoconfigure\3.4.3\spring-boot-autoconfigure-3.4.3.jar;C:\kit\maven\repository\org\springframework\boot\spring-boot-starter-web\3.4.3\spring-boot-starter-web-3.4.3.jar;C:\kit\maven\repository\org\springframework\boot\spring-boot-starter-json\3.4.3\spring-boot-starter-json-3.4.3.jar;C:\kit\maven\repository\com\fasterxml\jackson\core\jackson-databind\2.18.2\jackson-databind-2.18.2.jar;C:\kit\maven\repository\com\fasterxml\jackson\core\jackson-annotations\2.18.2\jackson-annotations-2.18.2.jar;C:\kit\maven\repository\com\fasterxml\jackson\core\jackson-core\2.18.2\jackson-core-2.18.2.jar;C:\kit\maven\repository\com\fasterxml\jackson\datatype\jackson-datatype-jdk8\2.18.2\jackson-datatype-jdk8-2.18.2.jar;C:\kit\maven\repository\com\fasterxml\jackson\datatype\jackson-datatype-jsr310\2.18.2\jackson-datatype-jsr310-2.18.2.jar;C:\kit\maven\repository\com\fasterxml\jackson\module\jackson-module-parameter-names\2.18.2\jackson-module-parameter-names-2.18.2.jar;C:\kit\maven\repository\org\springframework\boot\spring-boot-starter-tomcat\3.4.3\spring-boot-starter-tomcat-3.4.3.jar;C:\kit\maven\repository\org\apache\tomcat\embed\tomcat-embed-core\10.1.36\tomcat-embed-core-10.1.36.jar;C:\kit\maven\repository\org\apache\tomcat\embed\tomcat-embed-el\10.1.36\tomcat-embed-el-10.1.36.jar;C:\kit\maven\repository\org\apache\tomcat\embed\tomcat-embed-websocket\10.1.36\tomcat-embed-websocket-10.1.36.jar;C:\kit\maven\repository\org\springframework\spring-web\6.2.3\spring-web-6.2.3.jar;C:\kit\maven\repository\org\springframework\spring-beans\6.2.3\spring-beans-6.2.3.jar;C:\kit\maven\repository\io\micrometer\micrometer-observation\1.14.4\micrometer-observation-1.14.4.jar;C:\kit\maven\repository\io\micrometer\micrometer-commons\1.14.4\micrometer-commons-1.14.4.jar;C:\kit\maven\repository\org\springframework\spring-webmvc\6.2.3\spring-webmvc-6.2.3.jar;C:\kit\maven\repository\org\springframework\spring-expression\6.2.3\spring-expression-6.2.3.jar;C:\kit\maven\repository\org\springframework\boot\spring-boot-starter-test\3.4.3\spring-boot-starter-test-3.4.3.jar;C:\kit\maven\repository\org\springframework\boot\spring-boot-test\3.4.3\spring-boot-test-3.4.3.jar;C:\kit\maven\repository\org\springframework\boot\spring-boot-test-autoconfigure\3.4.3\spring-boot-test-autoconfigure-3.4.3.jar;C:\kit\maven\repository\com\jayway\jsonpath\json-path\2.9.0\json-path-2.9.0.jar;C:\kit\maven\repository\jakarta\xml\bind\jakarta.xml.bind-api\4.0.2\jakarta.xml.bind-api-4.0.2.jar;C:\kit\maven\repository\jakarta\activation\jakarta.activation-api\2.1.3\jakarta.activation-api-2.1.3.jar;C:\kit\maven\repository\net\minidev\json-smart\2.5.2\json-smart-2.5.2.jar;C:\kit\maven\repository\net\minidev\accessors-smart\2.5.2\accessors-smart-2.5.2.jar;C:\kit\maven\repository\org\ow2\asm\asm\9.7.1\asm-9.7.1.jar;C:\kit\maven\repository\org\assertj\assertj-core\3.26.3\assertj-core-3.26.3.jar;C:\kit\maven\repository\net\bytebuddy\byte-buddy\1.15.11\byte-buddy-1.15.11.jar;C:\kit\maven\repository\org\awaitility\awaitility\4.2.2\awaitility-4.2.2.jar;C:\kit\maven\repository\org\hamcrest\hamcrest\2.2\hamcrest-2.2.jar;C:\kit\maven\repository\org\junit\jupiter\junit-jupiter\5.11.4\junit-jupiter-5.11.4.jar;C:\kit\maven\repository\org\junit\jupiter\junit-jupiter-api\5.11.4\junit-jupiter-api-5.11.4.jar;C:\kit\maven\repository\org\opentest4j\opentest4j\1.3.0\opentest4j-1.3.0.jar;C:\kit\maven\repository\org\junit\platform\junit-platform-commons\1.11.4\junit-platform-commons-1.11.4.jar;C:\kit\maven\repository\org\apiguardian\apiguardian-api\1.1.2\apiguardian-api-1.1.2.jar;C:\kit\maven\repository\org\junit\jupiter\junit-jupiter-params\5.11.4\junit-jupiter-params-5.11.4.jar;C:\kit\maven\repository\org\junit\jupiter\junit-jupiter-engine\5.11.4\junit-jupiter-engine-5.11.4.jar;C:\kit\maven\repository\org\junit\platform\junit-platform-engine\1.11.4\junit-platform-engine-1.11.4.jar;C:\kit\maven\repository\org\mockito\mockito-core\5.14.2\mockito-core-5.14.2.jar;C:\kit\maven\repository\net\bytebuddy\byte-buddy-agent\1.15.11\byte-buddy-agent-1.15.11.jar;C:\kit\maven\repository\org\objenesis\objenesis\3.3\objenesis-3.3.jar;C:\kit\maven\repository\org\mockito\mockito-junit-jupiter\5.14.2\mockito-junit-jupiter-5.14.2.jar;C:\kit\maven\repository\org\skyscreamer\jsonassert\1.5.3\jsonassert-1.5.3.jar;C:\kit\maven\repository\com\vaadin\external\google\android-json\0.0.20131108.vaadin1\android-json-0.0.20131108.vaadin1.jar;C:\kit\maven\repository\org\springframework\spring-core\6.2.3\spring-core-6.2.3.jar;C:\kit\maven\repository\org\springframework\spring-test\6.2.3\spring-test-6.2.3.jar;C:\kit\maven\repository\org\xmlunit\xmlunit-core\2.10.0\xmlunit-core-2.10.0.jar;C:\kit\maven\repository\org\springframework\boot\spring-boot-starter-mail\3.4.3\spring-boot-starter-mail-3.4.3.jar;C:\kit\maven\repository\org\springframework\spring-context-support\6.2.3\spring-context-support-6.2.3.jar;C:\kit\maven\repository\org\eclipse\angus\jakarta.mail\2.0.3\jakarta.mail-2.0.3.jar;C:\kit\maven\repository\org\eclipse\angus\angus-activation\2.0.2\angus-activation-2.0.2.jar;C:\kit\maven\repository\com\amazonaws\aws-java-sdk-rekognition\1.12.782\aws-java-sdk-rekognition-1.12.782.jar;C:\kit\maven\repository\com\amazonaws\aws-java-sdk-core\1.12.782\aws-java-sdk-core-1.12.782.jar;C:\kit\maven\repository\commons-logging\commons-logging\1.1.3\commons-logging-1.1.3.jar;C:\kit\maven\repository\commons-codec\commons-codec\1.17.2\commons-codec-1.17.2.jar;C:\kit\maven\repository\org\apache\httpcomponents\httpclient\4.5.13\httpclient-4.5.13.jar;C:\kit\maven\repository\org\apache\httpcomponents\httpcore\4.4.16\httpcore-4.4.16.jar;C:\kit\maven\repository\com\fasterxml\jackson\dataformat\jackson-dataformat-cbor\2.18.2\jackson-dataformat-cbor-2.18.2.jar;C:\kit\maven\repository\joda-time\joda-time\2.12.7\joda-time-2.12.7.jar;C:\kit\maven\repository\com\amazonaws\jmespath-java\1.12.782\jmespath-java-1.12.782.jar;"/>
    <property name="java.vm.vendor" value="OpenLogic"/>
    <property name="sun.arch.data.model" value="64"/>
    <property name="user.variant" value=""/>
    <property name="java.vendor.url" value="https://openlogic.com/"/>
    <property name="user.timezone" value="Asia/Seoul"/>
    <property name="os.name" value="Windows 10"/>
    <property name="java.vm.specification.version" value="21"/>
    <property name="APPLICATION_NAME" value="aianalysis"/>
    <property name="sun.java.launcher" value="SUN_STANDARD"/>
    <property name="user.country" value="KR"/>
    <property name="sun.boot.library.path" value="C:\kit\openlogic-openjdk-21.0.5+11-windows-x64\bin"/>
    <property name="sun.java.command" value="C:\Users\HKIT\AppData\Local\Temp\surefire10176756097320818317\surefirebooter-20250401174250772_3.jar C:\Users\HKIT\AppData\Local\Temp\surefire10176756097320818317 2025-04-01T17-42-50_628-jvmRun1 surefire-20250401174250772_1tmp surefire_0-20250401174250772_2tmp"/>
    <property name="jdk.debug" value="release"/>
    <property name="surefire.test.class.path" value="C:\kit\git\msa_backend_02\aianalysis\target\test-classes;C:\kit\git\msa_backend_02\aianalysis\target\classes;C:\kit\maven\repository\org\springframework\boot\spring-boot-starter-data-redis\3.4.3\spring-boot-starter-data-redis-3.4.3.jar;C:\kit\maven\repository\org\springframework\boot\spring-boot-starter\3.4.3\spring-boot-starter-3.4.3.jar;C:\kit\maven\repository\org\springframework\boot\spring-boot-starter-logging\3.4.3\spring-boot-starter-logging-3.4.3.jar;C:\kit\maven\repository\ch\qos\logback\logback-classic\1.5.16\logback-classic-1.5.16.jar;C:\kit\maven\repository\ch\qos\logback\logback-core\1.5.16\logback-core-1.5.16.jar;C:\kit\maven\repository\org\apache\logging\log4j\log4j-to-slf4j\2.24.3\log4j-to-slf4j-2.24.3.jar;C:\kit\maven\repository\org\apache\logging\log4j\log4j-api\2.24.3\log4j-api-2.24.3.jar;C:\kit\maven\repository\org\slf4j\jul-to-slf4j\2.0.16\jul-to-slf4j-2.0.16.jar;C:\kit\maven\repository\jakarta\annotation\jakarta.annotation-api\2.1.1\jakarta.annotation-api-2.1.1.jar;C:\kit\maven\repository\org\yaml\snakeyaml\2.3\snakeyaml-2.3.jar;C:\kit\maven\repository\io\lettuce\lettuce-core\6.4.2.RELEASE\lettuce-core-6.4.2.RELEASE.jar;C:\kit\maven\repository\io\netty\netty-common\4.1.118.Final\netty-common-4.1.118.Final.jar;C:\kit\maven\repository\io\netty\netty-handler\4.1.118.Final\netty-handler-4.1.118.Final.jar;C:\kit\maven\repository\io\netty\netty-resolver\4.1.118.Final\netty-resolver-4.1.118.Final.jar;C:\kit\maven\repository\io\netty\netty-buffer\4.1.118.Final\netty-buffer-4.1.118.Final.jar;C:\kit\maven\repository\io\netty\netty-transport-native-unix-common\4.1.118.Final\netty-transport-native-unix-common-4.1.118.Final.jar;C:\kit\maven\repository\io\netty\netty-codec\4.1.118.Final\netty-codec-4.1.118.Final.jar;C:\kit\maven\repository\io\netty\netty-transport\4.1.118.Final\netty-transport-4.1.118.Final.jar;C:\kit\maven\repository\io\projectreactor\reactor-core\3.7.3\reactor-core-3.7.3.jar;C:\kit\maven\repository\org\reactivestreams\reactive-streams\1.0.4\reactive-streams-1.0.4.jar;C:\kit\maven\repository\org\springframework\data\spring-data-redis\3.4.3\spring-data-redis-3.4.3.jar;C:\kit\maven\repository\org\springframework\data\spring-data-keyvalue\3.4.3\spring-data-keyvalue-3.4.3.jar;C:\kit\maven\repository\org\springframework\data\spring-data-commons\3.4.3\spring-data-commons-3.4.3.jar;C:\kit\maven\repository\org\springframework\spring-tx\6.2.3\spring-tx-6.2.3.jar;C:\kit\maven\repository\org\springframework\spring-oxm\6.2.3\spring-oxm-6.2.3.jar;C:\kit\maven\repository\org\springframework\spring-aop\6.2.3\spring-aop-6.2.3.jar;C:\kit\maven\repository\org\slf4j\slf4j-api\2.0.16\slf4j-api-2.0.16.jar;C:\kit\maven\repository\org\springframework\session\spring-session-data-redis\3.4.2\spring-session-data-redis-3.4.2.jar;C:\kit\maven\repository\org\springframework\session\spring-session-core\3.4.2\spring-session-core-3.4.2.jar;C:\kit\maven\repository\org\springframework\spring-jcl\6.2.3\spring-jcl-6.2.3.jar;C:\kit\maven\repository\org\mybatis\spring\boot\mybatis-spring-boot-starter\3.0.4\mybatis-spring-boot-starter-3.0.4.jar;C:\kit\maven\repository\org\springframework\boot\spring-boot-starter-jdbc\3.4.3\spring-boot-starter-jdbc-3.4.3.jar;C:\kit\maven\repository\com\zaxxer\HikariCP\5.1.0\HikariCP-5.1.0.jar;C:\kit\maven\repository\org\springframework\spring-jdbc\6.2.3\spring-jdbc-6.2.3.jar;C:\kit\maven\repository\org\mybatis\spring\boot\mybatis-spring-boot-autoconfigure\3.0.4\mybatis-spring-boot-autoconfigure-3.0.4.jar;C:\kit\maven\repository\org\mybatis\mybatis\3.5.17\mybatis-3.5.17.jar;C:\kit\maven\repository\org\mybatis\mybatis-spring\3.0.4\mybatis-spring-3.0.4.jar;C:\kit\maven\repository\org\mybatis\spring\boot\mybatis-spring-boot-starter-test\3.0.4\mybatis-spring-boot-starter-test-3.0.4.jar;C:\kit\maven\repository\org\mybatis\spring\boot\mybatis-spring-boot-test-autoconfigure\3.0.4\mybatis-spring-boot-test-autoconfigure-3.0.4.jar;C:\kit\maven\repository\org\mariadb\jdbc\mariadb-java-client\3.4.1\mariadb-java-client-3.4.1.jar;C:\kit\maven\repository\com\github\waffle\waffle-jna\3.3.0\waffle-jna-3.3.0.jar;C:\kit\maven\repository\net\java\dev\jna\jna\5.13.0\jna-5.13.0.jar;C:\kit\maven\repository\net\java\dev\jna\jna-platform\5.13.0\jna-platform-5.13.0.jar;C:\kit\maven\repository\org\slf4j\jcl-over-slf4j\2.0.16\jcl-over-slf4j-2.0.16.jar;C:\kit\maven\repository\com\github\ben-manes\caffeine\caffeine\3.1.8\caffeine-3.1.8.jar;C:\kit\maven\repository\com\google\errorprone\error_prone_annotations\2.21.1\error_prone_annotations-2.21.1.jar;C:\kit\maven\repository\org\checkerframework\checker-qual\3.32.0\checker-qual-3.32.0.jar;C:\kit\maven\repository\org\springframework\boot\spring-boot-devtools\3.4.3\spring-boot-devtools-3.4.3.jar;C:\kit\maven\repository\org\springframework\boot\spring-boot\3.4.3\spring-boot-3.4.3.jar;C:\kit\maven\repository\org\springframework\spring-context\6.2.3\spring-context-6.2.3.jar;C:\kit\maven\repository\org\springframework\boot\spring-boot-autoconfigure\3.4.3\spring-boot-autoconfigure-3.4.3.jar;C:\kit\maven\repository\org\springframework\boot\spring-boot-starter-web\3.4.3\spring-boot-starter-web-3.4.3.jar;C:\kit\maven\repository\org\springframework\boot\spring-boot-starter-json\3.4.3\spring-boot-starter-json-3.4.3.jar;C:\kit\maven\repository\com\fasterxml\jackson\core\jackson-databind\2.18.2\jackson-databind-2.18.2.jar;C:\kit\maven\repository\com\fasterxml\jackson\core\jackson-annotations\2.18.2\jackson-annotations-2.18.2.jar;C:\kit\maven\repository\com\fasterxml\jackson\core\jackson-core\2.18.2\jackson-core-2.18.2.jar;C:\kit\maven\repository\com\fasterxml\jackson\datatype\jackson-datatype-jdk8\2.18.2\jackson-datatype-jdk8-2.18.2.jar;C:\kit\maven\repository\com\fasterxml\jackson\datatype\jackson-datatype-jsr310\2.18.2\jackson-datatype-jsr310-2.18.2.jar;C:\kit\maven\repository\com\fasterxml\jackson\module\jackson-module-parameter-names\2.18.2\jackson-module-parameter-names-2.18.2.jar;C:\kit\maven\repository\org\springframework\boot\spring-boot-starter-tomcat\3.4.3\spring-boot-starter-tomcat-3.4.3.jar;C:\kit\maven\repository\org\apache\tomcat\embed\tomcat-embed-core\10.1.36\tomcat-embed-core-10.1.36.jar;C:\kit\maven\repository\org\apache\tomcat\embed\tomcat-embed-el\10.1.36\tomcat-embed-el-10.1.36.jar;C:\kit\maven\repository\org\apache\tomcat\embed\tomcat-embed-websocket\10.1.36\tomcat-embed-websocket-10.1.36.jar;C:\kit\maven\repository\org\springframework\spring-web\6.2.3\spring-web-6.2.3.jar;C:\kit\maven\repository\org\springframework\spring-beans\6.2.3\spring-beans-6.2.3.jar;C:\kit\maven\repository\io\micrometer\micrometer-observation\1.14.4\micrometer-observation-1.14.4.jar;C:\kit\maven\repository\io\micrometer\micrometer-commons\1.14.4\micrometer-commons-1.14.4.jar;C:\kit\maven\repository\org\springframework\spring-webmvc\6.2.3\spring-webmvc-6.2.3.jar;C:\kit\maven\repository\org\springframework\spring-expression\6.2.3\spring-expression-6.2.3.jar;C:\kit\maven\repository\org\springframework\boot\spring-boot-starter-test\3.4.3\spring-boot-starter-test-3.4.3.jar;C:\kit\maven\repository\org\springframework\boot\spring-boot-test\3.4.3\spring-boot-test-3.4.3.jar;C:\kit\maven\repository\org\springframework\boot\spring-boot-test-autoconfigure\3.4.3\spring-boot-test-autoconfigure-3.4.3.jar;C:\kit\maven\repository\com\jayway\jsonpath\json-path\2.9.0\json-path-2.9.0.jar;C:\kit\maven\repository\jakarta\xml\bind\jakarta.xml.bind-api\4.0.2\jakarta.xml.bind-api-4.0.2.jar;C:\kit\maven\repository\jakarta\activation\jakarta.activation-api\2.1.3\jakarta.activation-api-2.1.3.jar;C:\kit\maven\repository\net\minidev\json-smart\2.5.2\json-smart-2.5.2.jar;C:\kit\maven\repository\net\minidev\accessors-smart\2.5.2\accessors-smart-2.5.2.jar;C:\kit\maven\repository\org\ow2\asm\asm\9.7.1\asm-9.7.1.jar;C:\kit\maven\repository\org\assertj\assertj-core\3.26.3\assertj-core-3.26.3.jar;C:\kit\maven\repository\net\bytebuddy\byte-buddy\1.15.11\byte-buddy-1.15.11.jar;C:\kit\maven\repository\org\awaitility\awaitility\4.2.2\awaitility-4.2.2.jar;C:\kit\maven\repository\org\hamcrest\hamcrest\2.2\hamcrest-2.2.jar;C:\kit\maven\repository\org\junit\jupiter\junit-jupiter\5.11.4\junit-jupiter-5.11.4.jar;C:\kit\maven\repository\org\junit\jupiter\junit-jupiter-api\5.11.4\junit-jupiter-api-5.11.4.jar;C:\kit\maven\repository\org\opentest4j\opentest4j\1.3.0\opentest4j-1.3.0.jar;C:\kit\maven\repository\org\junit\platform\junit-platform-commons\1.11.4\junit-platform-commons-1.11.4.jar;C:\kit\maven\repository\org\apiguardian\apiguardian-api\1.1.2\apiguardian-api-1.1.2.jar;C:\kit\maven\repository\org\junit\jupiter\junit-jupiter-params\5.11.4\junit-jupiter-params-5.11.4.jar;C:\kit\maven\repository\org\junit\jupiter\junit-jupiter-engine\5.11.4\junit-jupiter-engine-5.11.4.jar;C:\kit\maven\repository\org\junit\platform\junit-platform-engine\1.11.4\junit-platform-engine-1.11.4.jar;C:\kit\maven\repository\org\mockito\mockito-core\5.14.2\mockito-core-5.14.2.jar;C:\kit\maven\repository\net\bytebuddy\byte-buddy-agent\1.15.11\byte-buddy-agent-1.15.11.jar;C:\kit\maven\repository\org\objenesis\objenesis\3.3\objenesis-3.3.jar;C:\kit\maven\repository\org\mockito\mockito-junit-jupiter\5.14.2\mockito-junit-jupiter-5.14.2.jar;C:\kit\maven\repository\org\skyscreamer\jsonassert\1.5.3\jsonassert-1.5.3.jar;C:\kit\maven\repository\com\vaadin\external\google\android-json\0.0.20131108.vaadin1\android-json-0.0.20131108.vaadin1.jar;C:\kit\maven\repository\org\springframework\spring-core\6.2.3\spring-core-6.2.3.jar;C:\kit\maven\repository\org\springframework\spring-test\6.2.3\spring-test-6.2.3.jar;C:\kit\maven\repository\org\xmlunit\xmlunit-core\2.10.0\xmlunit-core-2.10.0.jar;C:\kit\maven\repository\org\springframework\boot\spring-boot-starter-mail\3.4.3\spring-boot-starter-mail-3.4.3.jar;C:\kit\maven\repository\org\springframework\spring-context-support\6.2.3\spring-context-support-6.2.3.jar;C:\kit\maven\repository\org\eclipse\angus\jakarta.mail\2.0.3\jakarta.mail-2.0.3.jar;C:\kit\maven\repository\org\eclipse\angus\angus-activation\2.0.2\angus-activation-2.0.2.jar;C:\kit\maven\repository\com\amazonaws\aws-java-sdk-rekognition\1.12.782\aws-java-sdk-rekognition-1.12.782.jar;C:\kit\maven\repository\com\amazonaws\aws-java-sdk-core\1.12.782\aws-java-sdk-core-1.12.782.jar;C:\kit\maven\repository\commons-logging\commons-logging\1.1.3\commons-logging-1.1.3.jar;C:\kit\maven\repository\commons-codec\commons-codec\1.17.2\commons-codec-1.17.2.jar;C:\kit\maven\repository\org\apache\httpcomponents\httpclient\4.5.13\httpclient-4.5.13.jar;C:\kit\maven\repository\org\apache\httpcomponents\httpcore\4.4.16\httpcore-4.4.16.jar;C:\kit\maven\repository\com\fasterxml\jackson\dataformat\jackson-dataformat-cbor\2.18.2\jackson-dataformat-cbor-2.18.2.jar;C:\kit\maven\repository\joda-time\joda-time\2.12.7\joda-time-2.12.7.jar;C:\kit\maven\repository\com\amazonaws\jmespath-java\1.12.782\jmespath-java-1.12.782.jar;"/>
    <property name="sun.cpu.endian" value="little"/>
    <property name="user.home" value="C:\Users\HKIT"/>
    <property name="user.language" value="ko"/>
    <property name="java.specification.vendor" value="Oracle Corporation"/>
    <property name="java.version.date" value="2024-10-15"/>
    <property name="java.home" value="C:\kit\openlogic-openjdk-21.0.5+11-windows-x64"/>
    <property name="file.separator" value="\"/>
    <property name="basedir" value="C:\kit\git\msa_backend_02\aianalysis"/>
    <property name="style.color" value="always"/>
    <property name="java.vm.compressedOopsMode" value="32-bit"/>
    <property name="line.separator" value="&#10;"/>
    <property name="java.vm.specification.vendor" value="Oracle Corporation"/>
    <property name="java.specification.name" value="Java Platform API Specification"/>
    <property name="FILE_LOG_CHARSET" value="UTF-8"/>
    <property name="java.awt.headless" value="true"/>
    <property name="surefire.real.class.path" value="C:\Users\HKIT\AppData\Local\Temp\surefire10176756097320818317\surefirebooter-20250401174250772_3.jar"/>
    <property name="user.script" value=""/>
    <property name="sun.management.compiler" value="HotSpot 64-Bit Tiered Compilers"/>
    <property name="java.runtime.version" value="21.0.5+11-adhoc.Administrator.jdk21u"/>
    <property name="user.name" value="HKIT"/>
    <property name="stdout.encoding" value="MS949"/>
    <property name="path.separator" value=";"/>
    <property name="os.version" value="10.0"/>
    <property name="java.runtime.name" value="OpenJDK Runtime Environment"/>
    <property name="file.encoding" value="UTF-8"/>
    <property name="java.vm.name" value="OpenJDK 64-Bit Server VM"/>
    <property name="java.vendor.version" value="OpenLogic-OpenJDK"/>
    <property name="localRepository" value="C:\kit\maven\repository"/>
    <property name="java.vendor.url.bug" value="https://techsupport.roguewave.com/"/>
    <property name="java.io.tmpdir" value="C:\Users\HKIT\AppData\Local\Temp\"/>
    <property name="java.version" value="21.0.5"/>
    <property name="user.dir" value="C:\kit\git\msa_backend_02\aianalysis"/>
    <property name="os.arch" value="amd64"/>
    <property name="java.vm.specification.name" value="Java Virtual Machine Specification"/>
    <property name="PID" value="13076"/>
    <property name="sun.os.patch.level" value=""/>
    <property name="CONSOLE_LOG_CHARSET" value="UTF-8"/>
    <property name="native.encoding" value="MS949"/>
    <property name="java.library.path" value="C:\kit\openlogic-openjdk-21.0.5+11-windows-x64\bin;C:\WINDOWS\Sun\Java\bin;C:\WINDOWS\system32;C:\WINDOWS;C:/kit/openlogic-openjdk-21.0.5+11-windows-x64/bin/server;C:/kit/openlogic-openjdk-21.0.5+11-windows-x64/bin;C:\Program Files\Common Files\Oracle\Java\javapath;C:\app\HKIT\product\21c\dbhomeXE\bin;C:\WINDOWS\system32;C:\WINDOWS;C:\WINDOWS\System32\Wbem;C:\WINDOWS\System32\WindowsPowerShell\v1.0\;C:\WINDOWS\System32\OpenSSH\;C:\Program Files\Bandizip\;C:\Program Files\MySQL\MySQL Server 8.0\bin;C:\Program Files\Docker\Docker\resources\bin;C:\Users\HKIT\anaconda3\condabin;C:\Program Files\Java\jdk-17\bin;C:\Program Files\CMake\bin;C:\Program Files\cURL\bin;C:\Program Files\Git\cmd;C:\Program Files\Java\jdk-11\bin;C:\kit\redis\;C:\kit\openlogic-openjdk-21.0.5+11-windows-x64\bin;C:\Program Files\nodejs\;%NODE_HOME%;C:\Program Files\MySQL\MySQL Shell 8.0\bin\;C:\Users\HKIT\AppData\Local\Microsoft\WindowsApps;C:\Users\HKIT\AppData\Local\GitHubDesktop\bin;C:\Users\HKIT\AppData\Local\Programs\Microsoft VS Code\bin;C:\Program Files (x86)\Brackets\;C:\kit\openlogic-openjdk-21.0.5+11-windows-x64\bin;;C:\Program Files\JetBrains\IntelliJ IDEA 2024.3.2\bin;;C:\Users\HKIT\AppData\Roaming\npm;C:\kit\sts-4.27.0.RELEASE;;."/>
    <property name="java.vm.info" value="mixed mode, sharing"/>
    <property name="stderr.encoding" value="MS949"/>
    <property name="java.vendor" value="OpenLogic"/>
    <property name="java.vm.version" value="21.0.5+11-adhoc.Administrator.jdk21u"/>
    <property name="sun.io.unicode.encoding" value="UnicodeLittle"/>
    <property name="java.class.version" value="65.0"/>
    <property name="LOGGED_APPLICATION_NAME" value="[aianalysis] "/>
  </properties>
  <testcase name="contextLoads" classname="com.aianalysis.AianalysisApplicationTests" time="1.32">
    <system-out><![CDATA[17:42:52.102 [main] INFO org.springframework.test.context.support.AnnotationConfigContextLoaderUtils -- Could not detect default configuration classes for test class [com.aianalysis.AianalysisApplicationTests]: AianalysisApplicationTests does not declare any static, non-private, non-final, nested classes annotated with @Configuration.
17:42:52.295 [main] INFO org.springframework.boot.test.context.SpringBootTestContextBootstrapper -- Found @SpringBootConfiguration com.aianalysis.AianalysisApplication for test class com.aianalysis.AianalysisApplicationTests
17:42:52.560 [main] INFO org.springframework.boot.devtools.restart.RestartApplicationListener -- Restart disabled due to context in which it is running

  .   ____          _            __ _ _
 /\\ / ___'_ __ _ _(_)_ __  __ _ \ \ \ \
( ( )\___ | '_ | '_| | '_ \/ _` | \ \ \ \
 \\/  ___)| |_)| | | | | || (_| |  ) ) ) )
  '  |____| .__|_| |_|_| |_\__, | / / / /
 =========|_|==============|___/=/_/_/_/

 :: Spring Boot ::                (v3.4.3)

2025-04-01T17:42:53.071+09:00  INFO 13076 --- [aianalysis] [           main] c.aianalysis.AianalysisApplicationTests  : Starting AianalysisApplicationTests using Java 21.0.5 with PID 13076 (started by HKIT in C:\kit\git\msa_backend_02\aianalysis)
2025-04-01T17:42:53.073+09:00  INFO 13076 --- [aianalysis] [           main] c.aianalysis.AianalysisApplicationTests  : No active profile set, falling back to 1 default profile: "default"
2025-04-01T17:42:54.541+09:00  INFO 13076 --- [aianalysis] [           main] .s.d.r.c.RepositoryConfigurationDelegate : Multiple Spring Data modules found, entering strict repository configuration mode
2025-04-01T17:42:54.545+09:00  INFO 13076 --- [aianalysis] [           main] .s.d.r.c.RepositoryConfigurationDelegate : Bootstrapping Spring Data Redis repositories in DEFAULT mode.
2025-04-01T17:42:54.601+09:00  INFO 13076 --- [aianalysis] [           main] .s.d.r.c.RepositoryConfigurationDelegate : Finished Spring Data repository scanning in 22 ms. Found 0 Redis repository interfaces.
2025-04-01T17:42:57.359+09:00  INFO 13076 --- [aianalysis] [           main] c.aianalysis.AianalysisApplicationTests  : Started AianalysisApplicationTests in 4.82 seconds (process running for 6.359)
]]></system-out>
    <system-err><![CDATA[Mockito is currently self-attaching to enable the inline-mock-maker. This will no longer work in future releases of the JDK. Please add Mockito as an agent to your build what is described in Mockito's documentation: https://javadoc.io/doc/org.mockito/mockito-core/latest/org/mockito/Mockito.html#0.3
WARNING: A Java agent has been loaded dynamically (C:\kit\maven\repository\net\bytebuddy\byte-buddy-agent\1.15.11\byte-buddy-agent-1.15.11.jar)
WARNING: If a serviceability tool is in use, please run with -XX:+EnableDynamicAgentLoading to hide this warning
WARNING: If a serviceability tool is not in use, please run with -Djdk.instrument.traceUsage for more information
WARNING: Dynamic loading of agents will be disallowed by default in a future release
]]></system-err>
  </testcase>
</testsuite>